<?xml version="1.0" encoding="UTF-8"?>
<!-- Generated by org.testng.reporters.JUnitXMLReporter -->
<testsuite ignored="0" hostname="DESKTOP-VO2S2HA" failures="0" tests="5" name="GroupTest" time="0.17" errors="0" timestamp="2023-06-22T06:47:28 IST">
  <testcase classname="day17June23.GroupsDemo" name="testBMW" time="0.031"/>
  <testcase classname="day17June23.GroupsDemo" name="testBajaj" time="0.008"/>
  <testcase classname="day17June23.GroupsDemo" name="testBenz" time="0.006"/>
  <testcase classname="day17June23.GroupsDemo" name="testHonda" time="0.006"/>
  <testcase classname="day17June23.GroupsDemo" name="testYamaha" time="0.007"/>
</testsuite> <!-- GroupTest -->
