<?xml version="1.0" encoding="UTF-8"?>
<!-- Generated by org.testng.reporters.JUnitXMLReporter -->
<testsuite ignored="0" hostname="DESKTOP-VO2S2HA" failures="1" tests="4" name="GroupsTest" time="0.142" errors="0" timestamp="2023-06-17T21:40:14 IST">
  <testcase classname="day17June23.MyTest" name="test1" time="0.029"/>
  <testcase classname="day17June23.MyTest" name="test2" time="0.007">
    <failure type="java.lang.AssertionError" message="null">
      <![CDATA[java.lang.AssertionError: null
at day17June23.MyTest.test2(MyTest.java:20)
at java.base/java.util.ArrayList.forEach(ArrayList.java:1511)
... Removed 27 stack frames]]>
    </failure>
  </testcase> <!-- test2 -->
  <testcase classname="day17June23.MyTest" name="test3" time="0.006">
    <skipped/>
  </testcase> <!-- test3 -->
  <testcase classname="day17June23.MyTest" name="test4" time="0.005"/>
</testsuite> <!-- GroupsTest -->
